<?xml version="1.0" encoding="UTF-8"?>
<!-- Generated by org.testng.reporters.JUnitXMLReporter -->
<testsuite hostname="CDC2-L-JG7TLC2" ignored="0" name="Default test" tests="3" failures="0" timestamp="15 Jul 2019 05:24:44 GMT" time="39.957" errors="0">
  <testcase name="loginTest" time="0.239" classname="Assignment.testNGAssignment"/>
  <testcase name="login" time="3.45" classname="Assignment.testNGAssignment"/>
  <testcase name="listcategory" time="11.965" classname="Assignment.testNGAssignment"/>
</testsuite> <!-- Default test -->
